<?xml version="1.0" encoding="UTF-8"?>
<testsuite xmlns:xsi="http://www.w3.org/2001/XMLSchema-instance" xsi:schemaLocation="https://maven.apache.org/surefire/maven-surefire-plugin/xsd/surefire-test-report.xsd" name="MULE_EE.4.1.5.test-suite" time="2.015" failures="0" errors="0" skipped="0" tests="1">
  <properties>
    <property key="java.runtime.name" value="OpenJDK Runtime Environment"/>
    <property key="sun.boot.library.path" value="/Users/figuacel/.sdkman/candidates/java/8.0.232-zulu/jre/lib"/>
    <property key="java.vm.version" value="25.232-b18"/>
    <property key="user.country.format" value="US"/>
    <property key="gopherProxySet" value="false"/>
    <property key="maven.multiModuleProjectDirectory" value="/Users/figuacel/Development/repositories/mule/exchange-maven-v3-examples/mule-app"/>
    <property key="java.vm.vendor" value="Azul Systems, Inc."/>
    <property key="java.vendor.url" value="http://www.azulsystems.com/"/>
    <property key="guice.disable.misplaced.annotation.check" value="true"/>
    <property key="path.separator" value=":"/>
    <property key="java.vm.name" value="OpenJDK 64-Bit Server VM"/>
    <property key="file.encoding.pkg" value="sun.io"/>
    <property key="user.country" value="AR"/>
    <property key="sun.java.launcher" value="SUN_STANDARD"/>
    <property key="sun.os.patch.level" value="unknown"/>
    <property key="java.vm.specification.name" value="Java Virtual Machine Specification"/>
    <property key="user.dir" value="/Users/figuacel/Development/repositories/mule/exchange-maven-v3-examples/mule-app"/>
    <property key="java.runtime.version" value="1.8.0_232-b18"/>
    <property key="java.awt.graphicsenv" value="sun.awt.CGraphicsEnvironment"/>
    <property key="java.endorsed.dirs" value="/Users/figuacel/.sdkman/candidates/java/8.0.232-zulu/jre/lib/endorsed"/>
    <property key="os.arch" value="x86_64"/>
    <property key="java.io.tmpdir" value="/var/folders/vs/9jk3d3z55lx09mdw2d56dgh40000gp/T/"/>
    <property key="line.separator" value="&#xa;"/>
    <property key="java.vm.specification.vendor" value="Oracle Corporation"/>
    <property key="os.name" value="Mac OS X"/>
    <property key="classworlds.conf" value="/Users/figuacel/.sdkman/candidates/maven/current/bin/m2.conf"/>
    <property key="sun.jnu.encoding" value="UTF-8"/>
    <property key="java.library.path" value="/Users/figuacel/Library/Java/Extensions:/Library/Java/Extensions:/Network/Library/Java/Extensions:/System/Library/Java/Extensions:/usr/lib/java:."/>
    <property key="maven.conf" value="/Users/figuacel/.sdkman/candidates/maven/current/conf"/>
    <property key="java.specification.name" value="Java Platform API Specification"/>
    <property key="java.class.version" value="52.0"/>
    <property key="sun.management.compiler" value="HotSpot 64-Bit Tiered Compilers"/>
    <property key="os.version" value="10.15.6"/>
    <property key="library.jansi.path" value="/Users/figuacel/.sdkman/candidates/maven/current/lib/jansi-native"/>
    <property key="user.home" value="/Users/figuacel"/>
    <property key="user.timezone" value="America/Sao_Paulo"/>
    <property key="java.awt.printerjob" value="sun.lwawt.macosx.CPrinterJob"/>
    <property key="file.encoding" value="UTF-8"/>
    <property key="java.specification.version" value="1.8"/>
    <property key="java.class.path" value="/Users/figuacel/.sdkman/candidates/maven/current/boot/plexus-classworlds-2.6.0.jar"/>
    <property key="user.name" value="figuacel"/>
    <property key="java.vm.specification.version" value="1.8"/>
    <property key="sun.java.command" value="org.codehaus.plexus.classworlds.launcher.Launcher clean deploy"/>
    <property key="java.home" value="/Users/figuacel/.sdkman/candidates/java/8.0.232-zulu/jre"/>
    <property key="sun.arch.data.model" value="64"/>
    <property key="user.language" value="en"/>
    <property key="java.specification.vendor" value="Oracle Corporation"/>
    <property key="awt.toolkit" value="sun.lwawt.macosx.LWCToolkit"/>
    <property key="java.vm.info" value="mixed mode"/>
    <property key="java.version" value="1.8.0_232"/>
    <property key="java.ext.dirs" value="/Users/figuacel/Library/Java/Extensions:/Users/figuacel/.sdkman/candidates/java/8.0.232-zulu/jre/lib/ext:/Library/Java/Extensions:/Network/Library/Java/Extensions:/System/Library/Java/Extensions:/usr/lib/java"/>
    <property key="sun.boot.class.path" value="/Users/figuacel/.sdkman/candidates/java/8.0.232-zulu/jre/lib/resources.jar:/Users/figuacel/.sdkman/candidates/java/8.0.232-zulu/jre/lib/rt.jar:/Users/figuacel/.sdkman/candidates/java/8.0.232-zulu/jre/lib/sunrsasign.jar:/Users/figuacel/.sdkman/candidates/java/8.0.232-zulu/jre/lib/jsse.jar:/Users/figuacel/.sdkman/candidates/java/8.0.232-zulu/jre/lib/jce.jar:/Users/figuacel/.sdkman/candidates/java/8.0.232-zulu/jre/lib/charsets.jar:/Users/figuacel/.sdkman/candidates/java/8.0.232-zulu/jre/lib/jfr.jar:/Users/figuacel/.sdkman/candidates/java/8.0.232-zulu/jre/classes"/>
    <property key="java.vendor" value="Azul Systems, Inc."/>
    <property key="maven.home" value="/Users/figuacel/.sdkman/candidates/maven/current"/>
    <property key="file.separator" value="/"/>
    <property key="java.vendor.url.bug" value="http://www.azulsystems.com/support/"/>
    <property key="sun.io.unicode.encoding" value="UnicodeBig"/>
    <property key="sun.cpu.endian" value="little"/>
    <property key="sun.cpu.isalist" value=""/>
    <property key="munit.system.properties.file" value="/Users/figuacel/Development/repositories/mule/exchange-maven-v3-examples/mule-app/target/user.system.properties"/>
    <property key="org.glassfish.grizzly.DEFAULT_MEMORY_MANAGER" value="org.glassfish.grizzly.memory.HeapMemoryManager"/>
  </properties>
  <testcase time="1.996" name="hello-worldFlowTest" classname="MULE_EE.4.1.5.test-suite"/>
</testsuite>